<?xml version="1.0" encoding="UTF-8"?>
<testsuite xmlns:xsi="http://www.w3.org/2001/XMLSchema-instance" xsi:noNamespaceSchemaLocation="https://maven.apache.org/surefire/maven-surefire-plugin/xsd/surefire-test-report.xsd" name="com.luv2code.junitdemo.DemoUtilsTest" time="2.071" tests="9" errors="0" skipped="0" failures="1">
  <properties>
    <property name="gopherProxySet" value="false"/>
    <property name="awt.toolkit" value="sun.lwawt.macosx.LWCToolkit"/>
    <property name="java.specification.version" value="11"/>
    <property name="sun.cpu.isalist" value=""/>
    <property name="sun.jnu.encoding" value="UTF-8"/>
    <property name="java.class.path" value="/Volumes/SecondaryDrive/Java/javaCourses/spring-boot-unit-testing-chad-course/source-code/1.00-starting-project/target/test-classes:/Volumes/SecondaryDrive/Java/javaCourses/spring-boot-unit-testing-chad-course/source-code/1.00-starting-project/target/classes:/Users/master/.m2/repository/org/junit/jupiter/junit-jupiter/5.8.2/junit-jupiter-5.8.2.jar:/Users/master/.m2/repository/org/junit/jupiter/junit-jupiter-params/5.8.2/junit-jupiter-params-5.8.2.jar:/Users/master/.m2/repository/org/junit/jupiter/junit-jupiter-engine/5.8.2/junit-jupiter-engine-5.8.2.jar:/Users/master/.m2/repository/org/junit/platform/junit-platform-engine/1.8.2/junit-platform-engine-1.8.2.jar:/Users/master/.m2/repository/org/junit/jupiter/junit-jupiter-api/5.8.2/junit-jupiter-api-5.8.2.jar:/Users/master/.m2/repository/org/opentest4j/opentest4j/1.2.0/opentest4j-1.2.0.jar:/Users/master/.m2/repository/org/junit/platform/junit-platform-commons/1.8.2/junit-platform-commons-1.8.2.jar:/Users/master/.m2/repository/org/apiguardian/apiguardian-api/1.1.2/apiguardian-api-1.1.2.jar:"/>
    <property name="java.vm.vendor" value="Oracle Corporation"/>
    <property name="sun.arch.data.model" value="64"/>
    <property name="java.vendor.url" value="https://openjdk.java.net/"/>
    <property name="user.timezone" value=""/>
    <property name="java.vm.specification.version" value="11"/>
    <property name="os.name" value="Mac OS X"/>
    <property name="sun.java.launcher" value="SUN_STANDARD"/>
    <property name="user.country" value="DK"/>
    <property name="sun.boot.library.path" value="/Library/Java/JavaVirtualMachines/jdk-11.0.14.jdk/Contents/Home/lib"/>
    <property name="sun.java.command" value="/Volumes/SecondaryDrive/Java/javaCourses/spring-boot-unit-testing-chad-course/source-code/1.00-starting-project/target/surefire/surefirebooter11965424411573274008.jar /Volumes/SecondaryDrive/Java/javaCourses/spring-boot-unit-testing-chad-course/source-code/1.00-starting-project/target/surefire 2022-04-27T19-55-42_664-jvmRun1 surefire6504875020149798471tmp surefire_05477179340896634848tmp"/>
    <property name="http.nonProxyHosts" value="local|*.local|169.254/16|*.169.254/16"/>
    <property name="jdk.debug" value="release"/>
    <property name="surefire.test.class.path" value="/Volumes/SecondaryDrive/Java/javaCourses/spring-boot-unit-testing-chad-course/source-code/1.00-starting-project/target/test-classes:/Volumes/SecondaryDrive/Java/javaCourses/spring-boot-unit-testing-chad-course/source-code/1.00-starting-project/target/classes:/Users/master/.m2/repository/org/junit/jupiter/junit-jupiter/5.8.2/junit-jupiter-5.8.2.jar:/Users/master/.m2/repository/org/junit/jupiter/junit-jupiter-params/5.8.2/junit-jupiter-params-5.8.2.jar:/Users/master/.m2/repository/org/junit/jupiter/junit-jupiter-engine/5.8.2/junit-jupiter-engine-5.8.2.jar:/Users/master/.m2/repository/org/junit/platform/junit-platform-engine/1.8.2/junit-platform-engine-1.8.2.jar:/Users/master/.m2/repository/org/junit/jupiter/junit-jupiter-api/5.8.2/junit-jupiter-api-5.8.2.jar:/Users/master/.m2/repository/org/opentest4j/opentest4j/1.2.0/opentest4j-1.2.0.jar:/Users/master/.m2/repository/org/junit/platform/junit-platform-commons/1.8.2/junit-platform-commons-1.8.2.jar:/Users/master/.m2/repository/org/apiguardian/apiguardian-api/1.1.2/apiguardian-api-1.1.2.jar:"/>
    <property name="sun.cpu.endian" value="little"/>
    <property name="user.home" value="/Users/master"/>
    <property name="user.language" value="en"/>
    <property name="java.specification.vendor" value="Oracle Corporation"/>
    <property name="java.version.date" value="2022-01-18"/>
    <property name="java.home" value="/Library/Java/JavaVirtualMachines/jdk-11.0.14.jdk/Contents/Home"/>
    <property name="file.separator" value="/"/>
    <property name="basedir" value="/Volumes/SecondaryDrive/Java/javaCourses/spring-boot-unit-testing-chad-course/source-code/1.00-starting-project"/>
    <property name="java.vm.compressedOopsMode" value="Zero based"/>
    <property name="line.separator" value="&#10;"/>
    <property name="java.specification.name" value="Java Platform API Specification"/>
    <property name="java.vm.specification.vendor" value="Oracle Corporation"/>
    <property name="java.awt.graphicsenv" value="sun.awt.CGraphicsEnvironment"/>
    <property name="surefire.real.class.path" value="/Volumes/SecondaryDrive/Java/javaCourses/spring-boot-unit-testing-chad-course/source-code/1.00-starting-project/target/surefire/surefirebooter11965424411573274008.jar"/>
    <property name="sun.management.compiler" value="HotSpot 64-Bit Tiered Compilers"/>
    <property name="ftp.nonProxyHosts" value="local|*.local|169.254/16|*.169.254/16"/>
    <property name="java.runtime.version" value="11.0.14+8-LTS-263"/>
    <property name="user.name" value="petre"/>
    <property name="path.separator" value=":"/>
    <property name="os.version" value="12.3.1"/>
    <property name="java.runtime.name" value="Java(TM) SE Runtime Environment"/>
    <property name="file.encoding" value="US-ASCII"/>
    <property name="java.vm.name" value="Java HotSpot(TM) 64-Bit Server VM"/>
    <property name="java.vendor.version" value="18.9"/>
    <property name="localRepository" value="/Users/master/.m2/repository"/>
    <property name="java.vendor.url.bug" value="https://bugreport.java.com/bugreport/"/>
    <property name="java.io.tmpdir" value="/var/folders/bg/9zcqb9k91d7_76c35qq7zv3r0000gn/T/"/>
    <property name="java.version" value="11.0.14"/>
    <property name="user.dir" value="/Volumes/SecondaryDrive/Java/javaCourses/spring-boot-unit-testing-chad-course/source-code/1.00-starting-project"/>
    <property name="os.arch" value="x86_64"/>
    <property name="java.vm.specification.name" value="Java Virtual Machine Specification"/>
    <property name="java.awt.printerjob" value="sun.lwawt.macosx.CPrinterJob"/>
    <property name="sun.os.patch.level" value="unknown"/>
    <property name="java.library.path" value="/Users/master/Library/Java/Extensions:/Library/Java/Extensions:/Network/Library/Java/Extensions:/System/Library/Java/Extensions:/usr/lib/java:."/>
    <property name="java.vendor" value="Oracle Corporation"/>
    <property name="java.vm.info" value="mixed mode"/>
    <property name="java.vm.version" value="11.0.14+8-LTS-263"/>
    <property name="sun.io.unicode.encoding" value="UnicodeBig"/>
    <property name="java.class.version" value="55.0"/>
    <property name="socksNonProxyHosts" value="local|*.local|169.254/16|*.169.254/16"/>
  </properties>
  <testcase name="isGreater" classname="com.luv2code.junitdemo.DemoUtilsTest" time="0.012"/>
  <testcase name="add" classname="com.luv2code.junitdemo.DemoUtilsTest" time="0.02">
    <failure message="2 + 4 should = 6 ==&gt; expected: &lt;6&gt; but was: &lt;10&gt;" type="org.opentest4j.AssertionFailedError"><![CDATA[org.opentest4j.AssertionFailedError: 2 + 4 should = 6 ==> expected: <6> but was: <10>
	at com.luv2code.junitdemo.DemoUtilsTest.add(DemoUtilsTest.java:43)
]]></failure>
    <system-out><![CDATA[Called 'setUp()' before each test
This is the 'add()' test method
Called 'tearDown()' after each tests
]]></system-out>
  </testcase>
  <testcase name="multiply" classname="com.luv2code.junitdemo.DemoUtilsTest" time="0.002"/>
  <testcase name="throwException" classname="com.luv2code.junitdemo.DemoUtilsTest" time="0.003"/>
  <testcase name="checkNull" classname="com.luv2code.junitdemo.DemoUtilsTest" time="0.003"/>
  <testcase name="isSame" classname="com.luv2code.junitdemo.DemoUtilsTest" time="0.001"/>
  <testcase name="testArrayEquals" classname="com.luv2code.junitdemo.DemoUtilsTest" time="0.003"/>
  <testcase name="checkTimeout" classname="com.luv2code.junitdemo.DemoUtilsTest" time="2.008"/>
  <testcase name="testIterableEquals" classname="com.luv2code.junitdemo.DemoUtilsTest" time="0.002"/>
</testsuite>